<?xml version="1.0" encoding="UTF-8"?>
<!-- Generated by org.testng.reporters.JUnitReportReporter -->
<testsuite hostname="DESKTOP-TDHOLHJ" failures="0" tests="4" name="tests.HomePageTest" time="33.002" errors="0" timestamp="2024-03-20T11:11:57 IST" skipped="0">
  <testcase classname="tests.HomePageTest" name="checkTheHeadingTexts" time="9.446"/>
  <testcase classname="tests.HomePageTest" name="checkPlayBtn" time="8.006"/>
  <testcase classname="tests.HomePageTest" name="checkMovieDisplaySections" time="8.627"/>
  <testcase classname="tests.HomePageTest" name="checkContact" time="6.923"/>
</testsuite> <!-- tests.HomePageTest -->
