<?xml version="1.0" encoding="UTF-8"?>
<!-- Generated by org.testng.reporters.JUnitReportReporter -->
<testsuite hostname="DESKTOP-TDHOLHJ" failures="0" tests="2" name="MovieDetailsPageTest" time="128.167" errors="0" timestamp="2024-03-23T13:41:03 IST" skipped="0">
  <testcase classname="MovieDetailsPageTest" name="checkHomePageFuctionalities" time="39.489"/>
  <testcase classname="MovieDetailsPageTest" name="checkPopularPageFuctionalities" time="88.678"/>
</testsuite> <!-- MovieDetailsPageTest -->
