<?xml version="1.0" encoding="UTF-8"?>
<!-- Generated by org.testng.reporters.JUnitReportReporter -->
<testsuite hostname="DESKTOP-TDHOLHJ" failures="0" tests="3" name="tests.HeaderPageTest" time="32.374" errors="0" timestamp="2024-03-20T11:11:57 IST" skipped="0">
  <testcase classname="tests.HeaderPageTest" name="checkTheLogoElement" time="7.914"/>
  <testcase classname="tests.HeaderPageTest" name="checkTheNavBars" time="14.142"/>
  <testcase classname="tests.HeaderPageTest" name="checkTheNavigationFunctionalities" time="10.318"/>
</testsuite> <!-- tests.HeaderPageTest -->
