<?xml version="1.0" encoding="UTF-8"?>
<!-- Generated by org.testng.reporters.JUnitReportReporter -->
<testsuite hostname="DESKTOP-TDHOLHJ" failures="0" tests="2" name="SearchPageTest" time="123.169" errors="0" timestamp="2024-03-23T13:41:03 IST" skipped="0">
  <testcase classname="SearchPageTest" name="SearchAvatarMovie" time="42.553"/>
  <testcase classname="SearchPageTest" name="SerachSquidGameMovie" time="80.616"/>
</testsuite> <!-- SearchPageTest -->
