<?xml version="1.0" encoding="UTF-8"?>
<!-- Generated by org.testng.reporters.JUnitReportReporter -->
<testsuite hostname="DESKTOP-TDHOLHJ" failures="0" tests="1" name="AccountPageTest" time="78.355" errors="0" timestamp="2024-03-23T13:41:03 IST" skipped="0">
  <testcase classname="AccountPageTest" name="checkAccountPage" time="78.355"/>
</testsuite> <!-- AccountPageTest -->
