<?xml version="1.0" encoding="UTF-8"?>
<!-- Generated by org.testng.reporters.JUnitReportReporter -->
<testsuite hostname="DESKTOP-TDHOLHJ" failures="0" tests="2" name="PopularPageTest" time="124.990" errors="0" timestamp="2024-03-23T13:41:03 IST" skipped="0">
  <testcase classname="PopularPageTest" name="checkPopularPageSection" time="43.181"/>
  <testcase classname="PopularPageTest" name="checkMovieRedirection" time="81.809"/>
</testsuite> <!-- PopularPageTest -->
