<?xml version="1.0" encoding="UTF-8"?>
<!-- Generated by org.testng.reporters.JUnitReportReporter -->
<testsuite hostname="DESKTOP-TDHOLHJ" failures="0" tests="2" name="tests.PopularPageTest" time="19.371" errors="0" timestamp="2024-03-20T11:11:57 IST" skipped="0">
  <testcase classname="tests.PopularPageTest" name="checkPopularPageSection" time="10.722"/>
  <testcase classname="tests.PopularPageTest" name="checkMovieRedirection" time="8.649"/>
</testsuite> <!-- tests.PopularPageTest -->
