<?xml version="1.0" encoding="UTF-8"?>
<!-- Generated by org.testng.reporters.JUnitReportReporter -->
<testsuite hostname="DESKTOP-TDHOLHJ" failures="0" tests="2" name="tests.SearchPageTest" time="28.616" errors="0" timestamp="2024-03-20T11:11:57 IST" skipped="0">
  <testcase classname="tests.SearchPageTest" name="SearchAvatarMovie" time="17.567"/>
  <testcase classname="tests.SearchPageTest" name="SerachSquidGameMovie" time="11.049"/>
</testsuite> <!-- tests.SearchPageTest -->
