<?xml version="1.0" encoding="UTF-8"?>
<!-- Generated by org.testng.reporters.JUnitReportReporter -->
<testsuite hostname="DESKTOP-TDHOLHJ" failures="0" tests="1" name="tests.AccountPageTest" time="9.803" errors="0" timestamp="2024-03-20T11:11:57 IST" skipped="0">
  <testcase classname="tests.AccountPageTest" name="checkAccountPage" time="9.803"/>
</testsuite> <!-- tests.AccountPageTest -->
