<?xml version="1.0" encoding="UTF-8"?>
<!-- Generated by org.testng.reporters.JUnitReportReporter -->
<testsuite hostname="DESKTOP-TDHOLHJ" failures="0" tests="3" name="HeaderPageTest" time="149.042" errors="0" timestamp="2024-03-23T13:41:03 IST" skipped="0">
  <testcase classname="HeaderPageTest" name="checkTheLogoElement" time="73.650"/>
  <testcase classname="HeaderPageTest" name="checkTheNavBars" time="33.640"/>
  <testcase classname="HeaderPageTest" name="checkTheNavigationFunctionalities" time="41.752"/>
</testsuite> <!-- HeaderPageTest -->
