<?xml version="1.0" encoding="UTF-8"?>
<!-- Generated by org.testng.reporters.JUnitReportReporter -->
<testsuite hostname="DESKTOP-TDHOLHJ" failures="0" tests="2" name="tests.MovieDetailsPageTest" time="17.637" errors="0" timestamp="2024-03-20T11:11:57 IST" skipped="0">
  <testcase classname="tests.MovieDetailsPageTest" name="checkHomePageFuctionalities" time="8.848"/>
  <testcase classname="tests.MovieDetailsPageTest" name="checkPopularPageFuctionalities" time="8.789"/>
</testsuite> <!-- tests.MovieDetailsPageTest -->
