<?xml version="1.0" encoding="UTF-8"?>
<!-- Generated by org.testng.reporters.JUnitReportReporter -->
<testsuite hostname="DESKTOP-TDHOLHJ" failures="0" tests="4" name="HomePageTest" time="168.102" errors="0" timestamp="2024-03-23T13:41:03 IST" skipped="0">
  <testcase classname="HomePageTest" name="checkTheHeadingTexts" time="25.064"/>
  <testcase classname="HomePageTest" name="checkPlayBtn" time="30.948"/>
  <testcase classname="HomePageTest" name="checkMovieDisplaySections" time="74.422"/>
  <testcase classname="HomePageTest" name="checkContact" time="37.668"/>
</testsuite> <!-- HomePageTest -->
