<?xml version="1.0" encoding="UTF-8"?>
<!-- Generated by org.testng.reporters.JUnitReportReporter -->
<testsuite hostname="DESKTOP-TDHOLHJ" failures="0" tests="10" name="LoginPageTest" time="276.039" errors="0" timestamp="2024-03-23T13:41:03 IST" skipped="0">
  <testcase classname="LoginPageTest" name="checkTheLogo" time="27.560"/>
  <testcase classname="LoginPageTest" name="checkTheHeadingText" time="24.902"/>
  <testcase classname="LoginPageTest" name="checkTheLabelElementTexts" time="14.722"/>
  <testcase classname="LoginPageTest" name="checkLoginButton" time="22.860"/>
  <testcase classname="LoginPageTest" name="testLoginWithEmptyInputs" time="81.530"/>
  <testcase classname="LoginPageTest" name="testLoginWithEmptyUserName" time="21.450"/>
  <testcase classname="LoginPageTest" name="testLoginWithEmptyPassword" time="29.619"/>
  <testcase classname="LoginPageTest" name="testLoginWithInvalidPassword" time="19.874"/>
  <testcase classname="LoginPageTest" name="testLoginWithInvalidUsername" time="17.092"/>
  <testcase classname="LoginPageTest" name="testLoginWithValidCredentials" time="16.430"/>
</testsuite> <!-- LoginPageTest -->
