<?xml version="1.0" encoding="UTF-8"?>
<!-- Generated by org.testng.reporters.JUnitReportReporter -->
<testsuite hostname="DESKTOP-TDHOLHJ" failures="0" tests="10" name="tests.LoginPageTest" time="67.633" errors="0" timestamp="2024-03-20T11:11:57 IST" skipped="0">
  <testcase classname="tests.LoginPageTest" name="checkTheLogo" time="6.341"/>
  <testcase classname="tests.LoginPageTest" name="checkTheHeadingText" time="6.489"/>
  <testcase classname="tests.LoginPageTest" name="checkTheLabelElementTexts" time="5.829"/>
  <testcase classname="tests.LoginPageTest" name="checkLoginButton" time="6.811"/>
  <testcase classname="tests.LoginPageTest" name="testLoginWithEmptyInputs" time="6.830"/>
  <testcase classname="tests.LoginPageTest" name="testLoginWithEmptyUserName" time="7.798"/>
  <testcase classname="tests.LoginPageTest" name="testLoginWithEmptyPassword" time="7.545"/>
  <testcase classname="tests.LoginPageTest" name="testLoginWithInvalidPassword" time="6.657"/>
  <testcase classname="tests.LoginPageTest" name="testLoginWithInvalidUsername" time="6.502"/>
  <testcase classname="tests.LoginPageTest" name="testLoginWithValidCredentials" time="6.831"/>
</testsuite> <!-- tests.LoginPageTest -->
